C:\Users\MOSTAFAP\Desktop\Blender Reconstruction\Debug\Reconstruction.pdb
C:\Users\MOSTAFAP\Desktop\Blender Reconstruction\Reconstruction\Debug\cl.command.1.tlog
C:\Users\MOSTAFAP\Desktop\Blender Reconstruction\Reconstruction\Debug\CL.read.1.tlog
C:\Users\MOSTAFAP\Desktop\Blender Reconstruction\Reconstruction\Debug\CL.write.1.tlog
C:\Users\MOSTAFAP\Desktop\Blender Reconstruction\Reconstruction\Debug\link.command.1.tlog
C:\Users\MOSTAFAP\Desktop\Blender Reconstruction\Reconstruction\Debug\link.read.1.tlog
C:\Users\MOSTAFAP\Desktop\Blender Reconstruction\Reconstruction\Debug\link.write.1.tlog
C:\Users\MOSTAFAP\Desktop\Blender Reconstruction\Reconstruction\Debug\link-cvtres.read.1.tlog
C:\Users\MOSTAFAP\Desktop\Blender Reconstruction\Reconstruction\Debug\link-cvtres.write.1.tlog
C:\USERS\MOSTAFAP\DESKTOP\BLENDER RECONSTRUCTION\RECONSTRUCTION\DEBUG\MAIN.OBJ
C:\Users\MOSTAFAP\Desktop\Blender Reconstruction\Reconstruction\Debug\rc.command.1.tlog
C:\Users\MOSTAFAP\Desktop\Blender Reconstruction\Reconstruction\Debug\rc.read.1.tlog
C:\Users\MOSTAFAP\Desktop\Blender Reconstruction\Reconstruction\Debug\rc.write.1.tlog
C:\Users\MOSTAFAP\Desktop\Blender Reconstruction\Reconstruction\Debug\Reconstruction.exe.embed.manifest
C:\Users\MOSTAFAP\Desktop\Blender Reconstruction\Reconstruction\Debug\Reconstruction.exe.embed.manifest.res
C:\Users\MOSTAFAP\Desktop\Blender Reconstruction\Reconstruction\Debug\Reconstruction.exe.intermediate.manifest
C:\Users\MOSTAFAP\Desktop\Blender Reconstruction\Reconstruction\Debug\Reconstruction.vcxprojResolveAssemblyReference.cache
C:\Users\MOSTAFAP\Desktop\Blender Reconstruction\Reconstruction\Debug\Reconstruction.write.1.tlog
C:\Users\MOSTAFAP\Desktop\Blender Reconstruction\Reconstruction\Debug\Reconstruction_manifest.rc
C:\Users\MOSTAFAP\Desktop\Blender Reconstruction\Reconstruction\Debug\vc100.idb
C:\USERS\MOSTAFAP\DESKTOP\BLENDER RECONSTRUCTION\RECONSTRUCTION\DEBUG\VC100.PDB
C:\USERS\TAVO\DOCUMENTS\MOSTAFA\OPENCV\RECONSTRUCTION\RECONSTRUCTION\DEBUG\MAIN.OBJ
C:\USERS\TAVO\DOCUMENTS\MOSTAFA\OPENCV\RECONSTRUCTION\RECONSTRUCTION\DEBUG\RECONSTRUCTION.EXE.EMBED.MANIFEST.RES
C:\USERS\TAVO\DOCUMENTS\MOSTAFA\OPENCV\RECONSTRUCTION\RECONSTRUCTION\DEBUG\VC100.PDB
