Build started 4/3/2015 1:03:07 PM.
     1>Project "C:\Users\MOSTAFAP\Desktop\Blender Reconstruction\Reconstruction\Reconstruction.vcxproj" on node 2 (build target(s)).
     1>InitializeBuildStatus:
         Touching "Debug\Reconstruction.unsuccessfulbuild".
       ClCompile:
         c:\Program Files (x86)\Microsoft Visual Studio 10.0\VC\bin\CL.exe /c /I"C:\Program Files\PCL 1.6.0\3rdParty\VTK\include\vtk-5.8" /I"C:\Program Files\PCL 1.6.0\3rdParty\VTK\include" /I"C:\Program Files\PCL 1.6.0\3rdParty\Eigen\include" /I"C:\Program Files\PCL 1.6.0\3rdParty\Boost\include" /I"C:\Program Files\PCL 1.6.0\include\pcl-1.6" /IC:\opencv248\build\include /ZI /nologo /W3 /WX- /Od /Oy- /D WIN32 /D _DEBUG /D _CONSOLE /D _UNICODE /D UNICODE /Gm /EHsc /RTC1 /MDd /GS /fp:precise /Zc:wchar_t /Zc:forScope /Fo"Debug\\" /Fd"Debug\vc100.pdb" /Gd /TP /analyze- /errorReport:prompt Main.cpp StereoCamera.cpp
         StereoCamera.cpp
     1>c:\program files\pcl 1.6.0\include\pcl-1.6\pcl\point_cloud.h(1021): warning C4521: 'pcl::PointCloud<Eigen::MatrixXf>' : multiple copy constructors specified
     1>c:\program files\pcl 1.6.0\include\pcl-1.6\pcl\impl\point_types.hpp(1008): warning C4996: 'pcl::SHOT': USE SHOT352 FOR SHAPE AND SHOT1344 FOR SHAPE+COLOR INSTEAD
                 c:\program files\pcl 1.6.0\include\pcl-1.6\pcl\impl\point_types.hpp(1003) : see declaration of 'pcl::SHOT'
     1>c:\program files\pcl 1.6.0\include\pcl-1.6\pcl\impl\point_types.hpp(1009): warning C4996: 'pcl::SHOT': USE SHOT352 FOR SHAPE AND SHOT1344 FOR SHAPE+COLOR INSTEAD
                 c:\program files\pcl 1.6.0\include\pcl-1.6\pcl\impl\point_types.hpp(1003) : see declaration of 'pcl::SHOT'
     1>c:\program files\pcl 1.6.0\include\pcl-1.6\pcl\impl\point_types.hpp(1012): warning C4996: 'pcl::SHOT::rf': USE SHOT352 FOR SHAPE AND SHOT1344 FOR SHAPE+COLOR INSTEAD
                 c:\program files\pcl 1.6.0\include\pcl-1.6\pcl\impl\point_types.hpp(1005) : see declaration of 'pcl::SHOT::rf'
     1>c:\program files\pcl 1.6.0\include\pcl-1.6\pcl\impl\point_types.hpp(1013): warning C4996: 'pcl::SHOT::descriptor': USE SHOT352 FOR SHAPE AND SHOT1344 FOR SHAPE+COLOR INSTEAD
                 c:\program files\pcl 1.6.0\include\pcl-1.6\pcl\impl\point_types.hpp(1004) : see declaration of 'pcl::SHOT::descriptor'
     1>c:\program files\pcl 1.6.0\include\pcl-1.6\pcl\impl\point_types.hpp(1014): warning C4996: 'pcl::SHOT::descriptor': USE SHOT352 FOR SHAPE AND SHOT1344 FOR SHAPE+COLOR INSTEAD
                 c:\program files\pcl 1.6.0\include\pcl-1.6\pcl\impl\point_types.hpp(1004) : see declaration of 'pcl::SHOT::descriptor'
     1>c:\program files\pcl 1.6.0\include\pcl-1.6\pcl\impl\point_types.hpp(1014): warning C4996: 'pcl::SHOT::descriptor': USE SHOT352 FOR SHAPE AND SHOT1344 FOR SHAPE+COLOR INSTEAD
                 c:\program files\pcl 1.6.0\include\pcl-1.6\pcl\impl\point_types.hpp(1004) : see declaration of 'pcl::SHOT::descriptor'
     1>c:\program files\pcl 1.6.0\include\pcl-1.6\pcl\point_cloud.h(603): warning C4521: 'pcl::PointCloud<PointT>' : multiple copy constructors specified
                 with
                 [
                     PointT=pcl::PointXYZ
                 ]
                 c:\program files\pcl 1.6.0\include\pcl-1.6\pcl\visualization\pcl_visualizer.h(501) : see reference to class template instantiation 'pcl::PointCloud<PointT>' being compiled
                 with
                 [
                     PointT=pcl::PointXYZ
                 ]
     1>c:\program files\pcl 1.6.0\include\pcl-1.6\pcl\point_cloud.h(603): warning C4521: 'pcl::PointCloud<PointT>' : multiple copy constructors specified
                 with
                 [
                     PointT=pcl::Normal
                 ]
                 c:\program files\pcl 1.6.0\include\pcl-1.6\pcl\visualization\pcl_visualizer.h(502) : see reference to class template instantiation 'pcl::PointCloud<PointT>' being compiled
                 with
                 [
                     PointT=pcl::Normal
                 ]
     1>c:\program files\pcl 1.6.0\include\pcl-1.6\pcl\point_cloud.h(603): warning C4521: 'pcl::PointCloud<PointT>' : multiple copy constructors specified
                 with
                 [
                     PointT=pcl::PrincipalCurvatures
                 ]
                 c:\program files\pcl 1.6.0\include\pcl-1.6\pcl\visualization\pcl_visualizer.h(503) : see reference to class template instantiation 'pcl::PointCloud<PointT>' being compiled
                 with
                 [
                     PointT=pcl::PrincipalCurvatures
                 ]
     1>c:\program files\pcl 1.6.0\include\pcl-1.6\pcl\point_cloud.h(603): warning C4521: 'pcl::PointCloud<PointT>' : multiple copy constructors specified
                 with
                 [
                     PointT=pcl::PointXYZRGB
                 ]
                 c:\program files\pcl 1.6.0\include\pcl-1.6\pcl\visualization\pcl_visualizer.h(724) : see reference to class template instantiation 'pcl::PointCloud<PointT>' being compiled
                 with
                 [
                     PointT=pcl::PointXYZRGB
                 ]
     1>c:\program files\pcl 1.6.0\include\pcl-1.6\pcl\point_cloud.h(603): warning C4521: 'pcl::PointCloud<PointT>' : multiple copy constructors specified
                 with
                 [
                     PointT=pcl::PointXYZRGBA
                 ]
                 c:\program files\pcl 1.6.0\include\pcl-1.6\pcl\visualization\pcl_visualizer.h(737) : see reference to class template instantiation 'pcl::PointCloud<PointT>' being compiled
                 with
                 [
                     PointT=pcl::PointXYZRGBA
                 ]
     1>c:\users\mostafap\desktop\blender reconstruction\reconstruction\stereocamera.h(22): warning C4005: 'MIN' : macro redefinition
                 c:\opencv248\build\include\opencv2\core\types_c.h(287) : see previous definition of 'MIN'
     1>c:\users\mostafap\desktop\blender reconstruction\reconstruction\stereocamera.cpp(34): error C2719: 'cloud': formal parameter with __declspec(align('16')) won't be aligned
         Main.cpp
     1>c:\program files\pcl 1.6.0\include\pcl-1.6\pcl\point_cloud.h(1021): warning C4521: 'pcl::PointCloud<Eigen::MatrixXf>' : multiple copy constructors specified
     1>c:\program files\pcl 1.6.0\include\pcl-1.6\pcl\impl\point_types.hpp(1008): warning C4996: 'pcl::SHOT': USE SHOT352 FOR SHAPE AND SHOT1344 FOR SHAPE+COLOR INSTEAD
                 c:\program files\pcl 1.6.0\include\pcl-1.6\pcl\impl\point_types.hpp(1003) : see declaration of 'pcl::SHOT'
     1>c:\program files\pcl 1.6.0\include\pcl-1.6\pcl\impl\point_types.hpp(1009): warning C4996: 'pcl::SHOT': USE SHOT352 FOR SHAPE AND SHOT1344 FOR SHAPE+COLOR INSTEAD
                 c:\program files\pcl 1.6.0\include\pcl-1.6\pcl\impl\point_types.hpp(1003) : see declaration of 'pcl::SHOT'
     1>c:\program files\pcl 1.6.0\include\pcl-1.6\pcl\impl\point_types.hpp(1012): warning C4996: 'pcl::SHOT::rf': USE SHOT352 FOR SHAPE AND SHOT1344 FOR SHAPE+COLOR INSTEAD
                 c:\program files\pcl 1.6.0\include\pcl-1.6\pcl\impl\point_types.hpp(1005) : see declaration of 'pcl::SHOT::rf'
     1>c:\program files\pcl 1.6.0\include\pcl-1.6\pcl\impl\point_types.hpp(1013): warning C4996: 'pcl::SHOT::descriptor': USE SHOT352 FOR SHAPE AND SHOT1344 FOR SHAPE+COLOR INSTEAD
                 c:\program files\pcl 1.6.0\include\pcl-1.6\pcl\impl\point_types.hpp(1004) : see declaration of 'pcl::SHOT::descriptor'
     1>c:\program files\pcl 1.6.0\include\pcl-1.6\pcl\impl\point_types.hpp(1014): warning C4996: 'pcl::SHOT::descriptor': USE SHOT352 FOR SHAPE AND SHOT1344 FOR SHAPE+COLOR INSTEAD
                 c:\program files\pcl 1.6.0\include\pcl-1.6\pcl\impl\point_types.hpp(1004) : see declaration of 'pcl::SHOT::descriptor'
     1>c:\program files\pcl 1.6.0\include\pcl-1.6\pcl\impl\point_types.hpp(1014): warning C4996: 'pcl::SHOT::descriptor': USE SHOT352 FOR SHAPE AND SHOT1344 FOR SHAPE+COLOR INSTEAD
                 c:\program files\pcl 1.6.0\include\pcl-1.6\pcl\impl\point_types.hpp(1004) : see declaration of 'pcl::SHOT::descriptor'
     1>c:\program files\pcl 1.6.0\include\pcl-1.6\pcl\point_cloud.h(603): warning C4521: 'pcl::PointCloud<PointT>' : multiple copy constructors specified
                 with
                 [
                     PointT=pcl::PointXYZ
                 ]
                 c:\program files\pcl 1.6.0\include\pcl-1.6\pcl\visualization\pcl_visualizer.h(501) : see reference to class template instantiation 'pcl::PointCloud<PointT>' being compiled
                 with
                 [
                     PointT=pcl::PointXYZ
                 ]
     1>c:\program files\pcl 1.6.0\include\pcl-1.6\pcl\point_cloud.h(603): warning C4521: 'pcl::PointCloud<PointT>' : multiple copy constructors specified
                 with
                 [
                     PointT=pcl::Normal
                 ]
                 c:\program files\pcl 1.6.0\include\pcl-1.6\pcl\visualization\pcl_visualizer.h(502) : see reference to class template instantiation 'pcl::PointCloud<PointT>' being compiled
                 with
                 [
                     PointT=pcl::Normal
                 ]
     1>c:\program files\pcl 1.6.0\include\pcl-1.6\pcl\point_cloud.h(603): warning C4521: 'pcl::PointCloud<PointT>' : multiple copy constructors specified
                 with
                 [
                     PointT=pcl::PrincipalCurvatures
                 ]
                 c:\program files\pcl 1.6.0\include\pcl-1.6\pcl\visualization\pcl_visualizer.h(503) : see reference to class template instantiation 'pcl::PointCloud<PointT>' being compiled
                 with
                 [
                     PointT=pcl::PrincipalCurvatures
                 ]
     1>c:\program files\pcl 1.6.0\include\pcl-1.6\pcl\point_cloud.h(603): warning C4521: 'pcl::PointCloud<PointT>' : multiple copy constructors specified
                 with
                 [
                     PointT=pcl::PointXYZRGB
                 ]
                 c:\program files\pcl 1.6.0\include\pcl-1.6\pcl\visualization\pcl_visualizer.h(724) : see reference to class template instantiation 'pcl::PointCloud<PointT>' being compiled
                 with
                 [
                     PointT=pcl::PointXYZRGB
                 ]
     1>c:\program files\pcl 1.6.0\include\pcl-1.6\pcl\point_cloud.h(603): warning C4521: 'pcl::PointCloud<PointT>' : multiple copy constructors specified
                 with
                 [
                     PointT=pcl::PointXYZRGBA
                 ]
                 c:\program files\pcl 1.6.0\include\pcl-1.6\pcl\visualization\pcl_visualizer.h(737) : see reference to class template instantiation 'pcl::PointCloud<PointT>' being compiled
                 with
                 [
                     PointT=pcl::PointXYZRGBA
                 ]
     1>c:\users\mostafap\desktop\blender reconstruction\reconstruction\stereocamera.h(22): warning C4005: 'MIN' : macro redefinition
                 c:\opencv248\build\include\opencv2\core\types_c.h(287) : see previous definition of 'MIN'
     1>c:\program files\pcl 1.6.0\3rdparty\boost\include\boost\variant\variant.hpp(1178): warning C4503: 'std::_Tree<_Traits>::erase' : decorated name length exceeded, name was truncated
                 with
                 [
                     _Traits=std::_Tmap_traits<std::pair<boost::signals2::detail::slot_meta_group,boost::optional<int>>,std::_List_iterator<std::_List_val<boost::shared_ptr<boost::signals2::detail::connection_body<std::pair<boost::signals2::detail::slot_meta_group,boost::optional<int>>,boost::signals2::slot1<void,const pcl::visualization::MouseEvent &,boost::function<void (const pcl::visualization::MouseEvent &)>>,boost::signals2::mutex>>,std::allocator<boost::shared_ptr<boost::signals2::detail::connection_body<std::pair<boost::signals2::detail::slot_meta_group,boost::optional<int>>,boost::signals2::slot1<void,const pcl::visualization::MouseEvent &,boost::function<void (const pcl::visualization::MouseEvent &)>>,boost::signals2::mutex>>>>>,boost::signals2::detail::group_key_less<int,std::less<int>>,std::allocator<std::pair<const std::pair<boost::signals2::detail::slot_meta_group,boost::optional<int>>,std::_List_iterator<std::_List_val<boost::shared_ptr<boost::signals2::detail::connection_body<std::pair<boost::signals2::detail::slot_meta_group,boost::optional<int>>,boost::signals2::slot1<void,const pcl::visualization::MouseEvent &,boost::function<void (const pcl::visualization::MouseEvent &)>>,boost::signals2::mutex>>,std::allocator<boost::shared_ptr<boost::signals2::detail::connection_body<std::pair<boost::signals2::detail::slot_meta_group,boost::optional<int>>,boost::signals2::slot1<void,const pcl::visualization::MouseEvent &,boost::function<void (const pcl::visualization::MouseEvent &)>>,boost::signals2::mutex>>>>>>>,false>
                 ]
     1>c:\program files\pcl 1.6.0\3rdparty\boost\include\boost\variant\variant.hpp(1178): warning C4503: 'std::_Tree<_Traits>::erase' : decorated name length exceeded, name was truncated
                 with
                 [
                     _Traits=std::_Tmap_traits<std::pair<boost::signals2::detail::slot_meta_group,boost::optional<int>>,std::_List_iterator<std::_List_val<boost::shared_ptr<boost::signals2::detail::connection_body<std::pair<boost::signals2::detail::slot_meta_group,boost::optional<int>>,boost::signals2::slot1<void,const pcl::visualization::KeyboardEvent &,boost::function<void (const pcl::visualization::KeyboardEvent &)>>,boost::signals2::mutex>>,std::allocator<boost::shared_ptr<boost::signals2::detail::connection_body<std::pair<boost::signals2::detail::slot_meta_group,boost::optional<int>>,boost::signals2::slot1<void,const pcl::visualization::KeyboardEvent &,boost::function<void (const pcl::visualization::KeyboardEvent &)>>,boost::signals2::mutex>>>>>,boost::signals2::detail::group_key_less<int,std::less<int>>,std::allocator<std::pair<const std::pair<boost::signals2::detail::slot_meta_group,boost::optional<int>>,std::_List_iterator<std::_List_val<boost::shared_ptr<boost::signals2::detail::connection_body<std::pair<boost::signals2::detail::slot_meta_group,boost::optional<int>>,boost::signals2::slot1<void,const pcl::visualization::KeyboardEvent &,boost::function<void (const pcl::visualization::KeyboardEvent &)>>,boost::signals2::mutex>>,std::allocator<boost::shared_ptr<boost::signals2::detail::connection_body<std::pair<boost::signals2::detail::slot_meta_group,boost::optional<int>>,boost::signals2::slot1<void,const pcl::visualization::KeyboardEvent &,boost::function<void (const pcl::visualization::KeyboardEvent &)>>,boost::signals2::mutex>>>>>>>,false>
                 ]
     1>c:\program files\pcl 1.6.0\3rdparty\boost\include\boost\variant\variant.hpp(1178): warning C4503: 'std::_Tree<_Traits>::erase' : decorated name length exceeded, name was truncated
                 with
                 [
                     _Traits=std::_Tmap_traits<std::pair<boost::signals2::detail::slot_meta_group,boost::optional<int>>,std::_List_iterator<std::_List_val<boost::shared_ptr<boost::signals2::detail::connection_body<std::pair<boost::signals2::detail::slot_meta_group,boost::optional<int>>,boost::signals2::slot1<void,const pcl::visualization::PointPickingEvent &,boost::function<void (const pcl::visualization::PointPickingEvent &)>>,boost::signals2::mutex>>,std::allocator<boost::shared_ptr<boost::signals2::detail::connection_body<std::pair<boost::signals2::detail::slot_meta_group,boost::optional<int>>,boost::signals2::slot1<void,const pcl::visualization::PointPickingEvent &,boost::function<void (const pcl::visualization::PointPickingEvent &)>>,boost::signals2::mutex>>>>>,boost::signals2::detail::group_key_less<int,std::less<int>>,std::allocator<std::pair<const std::pair<boost::signals2::detail::slot_meta_group,boost::optional<int>>,std::_List_iterator<std::_List_val<boost::shared_ptr<boost::signals2::detail::connection_body<std::pair<boost::signals2::detail::slot_meta_group,boost::optional<int>>,boost::signals2::slot1<void,const pcl::visualization::PointPickingEvent &,boost::function<void (const pcl::visualization::PointPickingEvent &)>>,boost::signals2::mutex>>,std::allocator<boost::shared_ptr<boost::signals2::detail::connection_body<std::pair<boost::signals2::detail::slot_meta_group,boost::optional<int>>,boost::signals2::slot1<void,const pcl::visualization::PointPickingEvent &,boost::function<void (const pcl::visualization::PointPickingEvent &)>>,boost::signals2::mutex>>>>>>>,false>
                 ]
     1>c:\program files\pcl 1.6.0\3rdparty\boost\include\boost\variant\variant.hpp(1178): warning C4503: 'std::_Tree<_Traits>::erase' : decorated name length exceeded, name was truncated
                 with
                 [
                     _Traits=std::_Tmap_traits<std::pair<boost::signals2::detail::slot_meta_group,boost::optional<int>>,std::_List_iterator<std::_List_val<boost::shared_ptr<boost::signals2::detail::connection_body<std::pair<boost::signals2::detail::slot_meta_group,boost::optional<int>>,boost::signals2::slot1<void,const pcl::visualization::MouseEvent &,boost::function<void (const pcl::visualization::MouseEvent &)>>,boost::signals2::mutex>>,std::allocator<boost::shared_ptr<boost::signals2::detail::connection_body<std::pair<boost::signals2::detail::slot_meta_group,boost::optional<int>>,boost::signals2::slot1<void,const pcl::visualization::MouseEvent &,boost::function<void (const pcl::visualization::MouseEvent &)>>,boost::signals2::mutex>>>>>,boost::signals2::detail::group_key_less<int,std::less<int>>,std::allocator<std::pair<const std::pair<boost::signals2::detail::slot_meta_group,boost::optional<int>>,std::_List_iterator<std::_List_val<boost::shared_ptr<boost::signals2::detail::connection_body<std::pair<boost::signals2::detail::slot_meta_group,boost::optional<int>>,boost::signals2::slot1<void,const pcl::visualization::MouseEvent &,boost::function<void (const pcl::visualization::MouseEvent &)>>,boost::signals2::mutex>>,std::allocator<boost::shared_ptr<boost::signals2::detail::connection_body<std::pair<boost::signals2::detail::slot_meta_group,boost::optional<int>>,boost::signals2::slot1<void,const pcl::visualization::MouseEvent &,boost::function<void (const pcl::visualization::MouseEvent &)>>,boost::signals2::mutex>>>>>>>,false>
                 ]
     1>c:\program files\pcl 1.6.0\3rdparty\boost\include\boost\variant\variant.hpp(1178): warning C4503: 'std::_Tree<_Traits>::erase' : decorated name length exceeded, name was truncated
                 with
                 [
                     _Traits=std::_Tmap_traits<std::pair<boost::signals2::detail::slot_meta_group,boost::optional<int>>,std::_List_iterator<std::_List_val<boost::shared_ptr<boost::signals2::detail::connection_body<std::pair<boost::signals2::detail::slot_meta_group,boost::optional<int>>,boost::signals2::slot1<void,const pcl::visualization::KeyboardEvent &,boost::function<void (const pcl::visualization::KeyboardEvent &)>>,boost::signals2::mutex>>,std::allocator<boost::shared_ptr<boost::signals2::detail::connection_body<std::pair<boost::signals2::detail::slot_meta_group,boost::optional<int>>,boost::signals2::slot1<void,const pcl::visualization::KeyboardEvent &,boost::function<void (const pcl::visualization::KeyboardEvent &)>>,boost::signals2::mutex>>>>>,boost::signals2::detail::group_key_less<int,std::less<int>>,std::allocator<std::pair<const std::pair<boost::signals2::detail::slot_meta_group,boost::optional<int>>,std::_List_iterator<std::_List_val<boost::shared_ptr<boost::signals2::detail::connection_body<std::pair<boost::signals2::detail::slot_meta_group,boost::optional<int>>,boost::signals2::slot1<void,const pcl::visualization::KeyboardEvent &,boost::function<void (const pcl::visualization::KeyboardEvent &)>>,boost::signals2::mutex>>,std::allocator<boost::shared_ptr<boost::signals2::detail::connection_body<std::pair<boost::signals2::detail::slot_meta_group,boost::optional<int>>,boost::signals2::slot1<void,const pcl::visualization::KeyboardEvent &,boost::function<void (const pcl::visualization::KeyboardEvent &)>>,boost::signals2::mutex>>>>>>>,false>
                 ]
     1>c:\program files\pcl 1.6.0\3rdparty\boost\include\boost\variant\variant.hpp(1178): warning C4503: 'std::_Tree<_Traits>::erase' : decorated name length exceeded, name was truncated
                 with
                 [
                     _Traits=std::_Tmap_traits<std::pair<boost::signals2::detail::slot_meta_group,boost::optional<int>>,std::_List_iterator<std::_List_val<boost::shared_ptr<boost::signals2::detail::connection_body<std::pair<boost::signals2::detail::slot_meta_group,boost::optional<int>>,boost::signals2::slot1<void,const pcl::visualization::PointPickingEvent &,boost::function<void (const pcl::visualization::PointPickingEvent &)>>,boost::signals2::mutex>>,std::allocator<boost::shared_ptr<boost::signals2::detail::connection_body<std::pair<boost::signals2::detail::slot_meta_group,boost::optional<int>>,boost::signals2::slot1<void,const pcl::visualization::PointPickingEvent &,boost::function<void (const pcl::visualization::PointPickingEvent &)>>,boost::signals2::mutex>>>>>,boost::signals2::detail::group_key_less<int,std::less<int>>,std::allocator<std::pair<const std::pair<boost::signals2::detail::slot_meta_group,boost::optional<int>>,std::_List_iterator<std::_List_val<boost::shared_ptr<boost::signals2::detail::connection_body<std::pair<boost::signals2::detail::slot_meta_group,boost::optional<int>>,boost::signals2::slot1<void,const pcl::visualization::PointPickingEvent &,boost::function<void (const pcl::visualization::PointPickingEvent &)>>,boost::signals2::mutex>>,std::allocator<boost::shared_ptr<boost::signals2::detail::connection_body<std::pair<boost::signals2::detail::slot_meta_group,boost::optional<int>>,boost::signals2::slot1<void,const pcl::visualization::PointPickingEvent &,boost::function<void (const pcl::visualization::PointPickingEvent &)>>,boost::signals2::mutex>>>>>>>,false>
                 ]
     1>c:\program files\pcl 1.6.0\3rdparty\boost\include\boost\variant\variant.hpp(1178): warning C4503: 'std::_Tree_const_iterator<_Mytree>::_Tree_const_iterator' : decorated name length exceeded, name was truncated
                 with
                 [
                     _Mytree=std::_Tree_val<std::_Tmap_traits<std::pair<boost::signals2::detail::slot_meta_group,boost::optional<int>>,std::_List_iterator<std::_List_val<boost::shared_ptr<boost::signals2::detail::connection_body<std::pair<boost::signals2::detail::slot_meta_group,boost::optional<int>>,boost::signals2::slot1<void,const pcl::visualization::MouseEvent &,boost::function<void (const pcl::visualization::MouseEvent &)>>,boost::signals2::mutex>>,std::allocator<boost::shared_ptr<boost::signals2::detail::connection_body<std::pair<boost::signals2::detail::slot_meta_group,boost::optional<int>>,boost::signals2::slot1<void,const pcl::visualization::MouseEvent &,boost::function<void (const pcl::visualization::MouseEvent &)>>,boost::signals2::mutex>>>>>,boost::signals2::detail::group_key_less<int,std::less<int>>,std::allocator<std::pair<const std::pair<boost::signals2::detail::slot_meta_group,boost::optional<int>>,std::_List_iterator<std::_List_val<boost::shared_ptr<boost::signals2::detail::connection_body<std::pair<boost::signals2::detail::slot_meta_group,boost::optional<int>>,boost::signals2::slot1<void,const pcl::visualization::MouseEvent &,boost::function<void (const pcl::visualization::MouseEvent &)>>,boost::signals2::mutex>>,std::allocator<boost::shared_ptr<boost::signals2::detail::connection_body<std::pair<boost::signals2::detail::slot_meta_group,boost::optional<int>>,boost::signals2::slot1<void,const pcl::visualization::MouseEvent &,boost::function<void (const pcl::visualization::MouseEvent &)>>,boost::signals2::mutex>>>>>>>,false>>
                 ]
     1>c:\program files\pcl 1.6.0\3rdparty\boost\include\boost\variant\variant.hpp(1178): warning C4503: 'std::_Tree_iterator<_Mytree>::_Tree_iterator' : decorated name length exceeded, name was truncated
                 with
                 [
                     _Mytree=std::_Tree_val<std::_Tmap_traits<std::pair<boost::signals2::detail::slot_meta_group,boost::optional<int>>,std::_List_iterator<std::_List_val<boost::shared_ptr<boost::signals2::detail::connection_body<std::pair<boost::signals2::detail::slot_meta_group,boost::optional<int>>,boost::signals2::slot1<void,const pcl::visualization::MouseEvent &,boost::function<void (const pcl::visualization::MouseEvent &)>>,boost::signals2::mutex>>,std::allocator<boost::shared_ptr<boost::signals2::detail::connection_body<std::pair<boost::signals2::detail::slot_meta_group,boost::optional<int>>,boost::signals2::slot1<void,const pcl::visualization::MouseEvent &,boost::function<void (const pcl::visualization::MouseEvent &)>>,boost::signals2::mutex>>>>>,boost::signals2::detail::group_key_less<int,std::less<int>>,std::allocator<std::pair<const std::pair<boost::signals2::detail::slot_meta_group,boost::optional<int>>,std::_List_iterator<std::_List_val<boost::shared_ptr<boost::signals2::detail::connection_body<std::pair<boost::signals2::detail::slot_meta_group,boost::optional<int>>,boost::signals2::slot1<void,const pcl::visualization::MouseEvent &,boost::function<void (const pcl::visualization::MouseEvent &)>>,boost::signals2::mutex>>,std::allocator<boost::shared_ptr<boost::signals2::detail::connection_body<std::pair<boost::signals2::detail::slot_meta_group,boost::optional<int>>,boost::signals2::slot1<void,const pcl::visualization::MouseEvent &,boost::function<void (const pcl::visualization::MouseEvent &)>>,boost::signals2::mutex>>>>>>>,false>>
                 ]
     1>c:\program files\pcl 1.6.0\3rdparty\boost\include\boost\variant\variant.hpp(1178): warning C4503: 'std::_Tree_const_iterator<_Mytree>::_Tree_const_iterator' : decorated name length exceeded, name was truncated
                 with
                 [
                     _Mytree=std::_Tree_val<std::_Tmap_traits<std::pair<boost::signals2::detail::slot_meta_group,boost::optional<int>>,std::_List_iterator<std::_List_val<boost::shared_ptr<boost::signals2::detail::connection_body<std::pair<boost::signals2::detail::slot_meta_group,boost::optional<int>>,boost::signals2::slot1<void,const pcl::visualization::KeyboardEvent &,boost::function<void (const pcl::visualization::KeyboardEvent &)>>,boost::signals2::mutex>>,std::allocator<boost::shared_ptr<boost::signals2::detail::connection_body<std::pair<boost::signals2::detail::slot_meta_group,boost::optional<int>>,boost::signals2::slot1<void,const pcl::visualization::KeyboardEvent &,boost::function<void (const pcl::visualization::KeyboardEvent &)>>,boost::signals2::mutex>>>>>,boost::signals2::detail::group_key_less<int,std::less<int>>,std::allocator<std::pair<const std::pair<boost::signals2::detail::slot_meta_group,boost::optional<int>>,std::_List_iterator<std::_List_val<boost::shared_ptr<boost::signals2::detail::connection_body<std::pair<boost::signals2::detail::slot_meta_group,boost::optional<int>>,boost::signals2::slot1<void,const pcl::visualization::KeyboardEvent &,boost::function<void (const pcl::visualization::KeyboardEvent &)>>,boost::signals2::mutex>>,std::allocator<boost::shared_ptr<boost::signals2::detail::connection_body<std::pair<boost::signals2::detail::slot_meta_group,boost::optional<int>>,boost::signals2::slot1<void,const pcl::visualization::KeyboardEvent &,boost::function<void (const pcl::visualization::KeyboardEvent &)>>,boost::signals2::mutex>>>>>>>,false>>
                 ]
     1>c:\program files\pcl 1.6.0\3rdparty\boost\include\boost\variant\variant.hpp(1178): warning C4503: 'std::_Tree_iterator<_Mytree>::_Tree_iterator' : decorated name length exceeded, name was truncated
                 with
                 [
                     _Mytree=std::_Tree_val<std::_Tmap_traits<std::pair<boost::signals2::detail::slot_meta_group,boost::optional<int>>,std::_List_iterator<std::_List_val<boost::shared_ptr<boost::signals2::detail::connection_body<std::pair<boost::signals2::detail::slot_meta_group,boost::optional<int>>,boost::signals2::slot1<void,const pcl::visualization::KeyboardEvent &,boost::function<void (const pcl::visualization::KeyboardEvent &)>>,boost::signals2::mutex>>,std::allocator<boost::shared_ptr<boost::signals2::detail::connection_body<std::pair<boost::signals2::detail::slot_meta_group,boost::optional<int>>,boost::signals2::slot1<void,const pcl::visualization::KeyboardEvent &,boost::function<void (const pcl::visualization::KeyboardEvent &)>>,boost::signals2::mutex>>>>>,boost::signals2::detail::group_key_less<int,std::less<int>>,std::allocator<std::pair<const std::pair<boost::signals2::detail::slot_meta_group,boost::optional<int>>,std::_List_iterator<std::_List_val<boost::shared_ptr<boost::signals2::detail::connection_body<std::pair<boost::signals2::detail::slot_meta_group,boost::optional<int>>,boost::signals2::slot1<void,const pcl::visualization::KeyboardEvent &,boost::function<void (const pcl::visualization::KeyboardEvent &)>>,boost::signals2::mutex>>,std::allocator<boost::shared_ptr<boost::signals2::detail::connection_body<std::pair<boost::signals2::detail::slot_meta_group,boost::optional<int>>,boost::signals2::slot1<void,const pcl::visualization::KeyboardEvent &,boost::function<void (const pcl::visualization::KeyboardEvent &)>>,boost::signals2::mutex>>>>>>>,false>>
                 ]
     1>c:\program files\pcl 1.6.0\3rdparty\boost\include\boost\variant\variant.hpp(1178): warning C4503: 'std::_Tree_const_iterator<_Mytree>::_Tree_const_iterator' : decorated name length exceeded, name was truncated
                 with
                 [
                     _Mytree=std::_Tree_val<std::_Tmap_traits<std::pair<boost::signals2::detail::slot_meta_group,boost::optional<int>>,std::_List_iterator<std::_List_val<boost::shared_ptr<boost::signals2::detail::connection_body<std::pair<boost::signals2::detail::slot_meta_group,boost::optional<int>>,boost::signals2::slot1<void,const pcl::visualization::PointPickingEvent &,boost::function<void (const pcl::visualization::PointPickingEvent &)>>,boost::signals2::mutex>>,std::allocator<boost::shared_ptr<boost::signals2::detail::connection_body<std::pair<boost::signals2::detail::slot_meta_group,boost::optional<int>>,boost::signals2::slot1<void,const pcl::visualization::PointPickingEvent &,boost::function<void (const pcl::visualization::PointPickingEvent &)>>,boost::signals2::mutex>>>>>,boost::signals2::detail::group_key_less<int,std::less<int>>,std::allocator<std::pair<const std::pair<boost::signals2::detail::slot_meta_group,boost::optional<int>>,std::_List_iterator<std::_List_val<boost::shared_ptr<boost::signals2::detail::connection_body<std::pair<boost::signals2::detail::slot_meta_group,boost::optional<int>>,boost::signals2::slot1<void,const pcl::visualization::PointPickingEvent &,boost::function<void (const pcl::visualization::PointPickingEvent &)>>,boost::signals2::mutex>>,std::allocator<boost::shared_ptr<boost::signals2::detail::connection_body<std::pair<boost::signals2::detail::slot_meta_group,boost::optional<int>>,boost::signals2::slot1<void,const pcl::visualization::PointPickingEvent &,boost::function<void (const pcl::visualization::PointPickingEvent &)>>,boost::signals2::mutex>>>>>>>,false>>
                 ]
     1>c:\program files\pcl 1.6.0\3rdparty\boost\include\boost\variant\variant.hpp(1178): warning C4503: 'std::_Tree_iterator<_Mytree>::_Tree_iterator' : decorated name length exceeded, name was truncated
                 with
                 [
                     _Mytree=std::_Tree_val<std::_Tmap_traits<std::pair<boost::signals2::detail::slot_meta_group,boost::optional<int>>,std::_List_iterator<std::_List_val<boost::shared_ptr<boost::signals2::detail::connection_body<std::pair<boost::signals2::detail::slot_meta_group,boost::optional<int>>,boost::signals2::slot1<void,const pcl::visualization::PointPickingEvent &,boost::function<void (const pcl::visualization::PointPickingEvent &)>>,boost::signals2::mutex>>,std::allocator<boost::shared_ptr<boost::signals2::detail::connection_body<std::pair<boost::signals2::detail::slot_meta_group,boost::optional<int>>,boost::signals2::slot1<void,const pcl::visualization::PointPickingEvent &,boost::function<void (const pcl::visualization::PointPickingEvent &)>>,boost::signals2::mutex>>>>>,boost::signals2::detail::group_key_less<int,std::less<int>>,std::allocator<std::pair<const std::pair<boost::signals2::detail::slot_meta_group,boost::optional<int>>,std::_List_iterator<std::_List_val<boost::shared_ptr<boost::signals2::detail::connection_body<std::pair<boost::signals2::detail::slot_meta_group,boost::optional<int>>,boost::signals2::slot1<void,const pcl::visualization::PointPickingEvent &,boost::function<void (const pcl::visualization::PointPickingEvent &)>>,boost::signals2::mutex>>,std::allocator<boost::shared_ptr<boost::signals2::detail::connection_body<std::pair<boost::signals2::detail::slot_meta_group,boost::optional<int>>,boost::signals2::slot1<void,const pcl::visualization::PointPickingEvent &,boost::function<void (const pcl::visualization::PointPickingEvent &)>>,boost::signals2::mutex>>>>>>>,false>>
                 ]
     1>c:\program files\pcl 1.6.0\3rdparty\boost\include\boost\variant\variant.hpp(1178): warning C4503: 'std::_Tree_unchecked_const_iterator<_Mytree,_Base>::_Tree_unchecked_const_iterator' : decorated name length exceeded, name was truncated
                 with
                 [
                     _Mytree=std::_Tree_val<std::_Tmap_traits<std::pair<boost::signals2::detail::slot_meta_group,boost::optional<int>>,std::_List_iterator<std::_List_val<boost::shared_ptr<boost::signals2::detail::connection_body<std::pair<boost::signals2::detail::slot_meta_group,boost::optional<int>>,boost::signals2::slot1<void,const pcl::visualization::MouseEvent &,boost::function<void (const pcl::visualization::MouseEvent &)>>,boost::signals2::mutex>>,std::allocator<boost::shared_ptr<boost::signals2::detail::connection_body<std::pair<boost::signals2::detail::slot_meta_group,boost::optional<int>>,boost::signals2::slot1<void,const pcl::visualization::MouseEvent &,boost::function<void (const pcl::visualization::MouseEvent &)>>,boost::signals2::mutex>>>>>,boost::signals2::detail::group_key_less<int,std::less<int>>,std::allocator<std::pair<const std::pair<boost::signals2::detail::slot_meta_group,boost::optional<int>>,std::_List_iterator<std::_List_val<boost::shared_ptr<boost::signals2::detail::connection_body<std::pair<boost::signals2::detail::slot_meta_group,boost::optional<int>>,boost::signals2::slot1<void,const pcl::visualization::MouseEvent &,boost::function<void (const pcl::visualization::MouseEvent &)>>,boost::signals2::mutex>>,std::allocator<boost::shared_ptr<boost::signals2::detail::connection_body<std::pair<boost::signals2::detail::slot_meta_group,boost::optional<int>>,boost::signals2::slot1<void,const pcl::visualization::MouseEvent &,boost::function<void (const pcl::visualization::MouseEvent &)>>,boost::signals2::mutex>>>>>>>,false>>,
                     _Base=std::_Iterator_base
                 ]
     1>c:\program files\pcl 1.6.0\3rdparty\boost\include\boost\variant\variant.hpp(1178): warning C4503: 'std::_Tree_unchecked_const_iterator<_Mytree,_Base>::_Tree_unchecked_const_iterator' : decorated name length exceeded, name was truncated
                 with
                 [
                     _Mytree=std::_Tree_val<std::_Tmap_traits<std::pair<boost::signals2::detail::slot_meta_group,boost::optional<int>>,std::_List_iterator<std::_List_val<boost::shared_ptr<boost::signals2::detail::connection_body<std::pair<boost::signals2::detail::slot_meta_group,boost::optional<int>>,boost::signals2::slot1<void,const pcl::visualization::KeyboardEvent &,boost::function<void (const pcl::visualization::KeyboardEvent &)>>,boost::signals2::mutex>>,std::allocator<boost::shared_ptr<boost::signals2::detail::connection_body<std::pair<boost::signals2::detail::slot_meta_group,boost::optional<int>>,boost::signals2::slot1<void,const pcl::visualization::KeyboardEvent &,boost::function<void (const pcl::visualization::KeyboardEvent &)>>,boost::signals2::mutex>>>>>,boost::signals2::detail::group_key_less<int,std::less<int>>,std::allocator<std::pair<const std::pair<boost::signals2::detail::slot_meta_group,boost::optional<int>>,std::_List_iterator<std::_List_val<boost::shared_ptr<boost::signals2::detail::connection_body<std::pair<boost::signals2::detail::slot_meta_group,boost::optional<int>>,boost::signals2::slot1<void,const pcl::visualization::KeyboardEvent &,boost::function<void (const pcl::visualization::KeyboardEvent &)>>,boost::signals2::mutex>>,std::allocator<boost::shared_ptr<boost::signals2::detail::connection_body<std::pair<boost::signals2::detail::slot_meta_group,boost::optional<int>>,boost::signals2::slot1<void,const pcl::visualization::KeyboardEvent &,boost::function<void (const pcl::visualization::KeyboardEvent &)>>,boost::signals2::mutex>>>>>>>,false>>,
                     _Base=std::_Iterator_base
                 ]
     1>c:\program files\pcl 1.6.0\3rdparty\boost\include\boost\variant\variant.hpp(1178): warning C4503: 'std::_Tree_unchecked_const_iterator<_Mytree,_Base>::_Tree_unchecked_const_iterator' : decorated name length exceeded, name was truncated
                 with
                 [
                     _Mytree=std::_Tree_val<std::_Tmap_traits<std::pair<boost::signals2::detail::slot_meta_group,boost::optional<int>>,std::_List_iterator<std::_List_val<boost::shared_ptr<boost::signals2::detail::connection_body<std::pair<boost::signals2::detail::slot_meta_group,boost::optional<int>>,boost::signals2::slot1<void,const pcl::visualization::PointPickingEvent &,boost::function<void (const pcl::visualization::PointPickingEvent &)>>,boost::signals2::mutex>>,std::allocator<boost::shared_ptr<boost::signals2::detail::connection_body<std::pair<boost::signals2::detail::slot_meta_group,boost::optional<int>>,boost::signals2::slot1<void,const pcl::visualization::PointPickingEvent &,boost::function<void (const pcl::visualization::PointPickingEvent &)>>,boost::signals2::mutex>>>>>,boost::signals2::detail::group_key_less<int,std::less<int>>,std::allocator<std::pair<const std::pair<boost::signals2::detail::slot_meta_group,boost::optional<int>>,std::_List_iterator<std::_List_val<boost::shared_ptr<boost::signals2::detail::connection_body<std::pair<boost::signals2::detail::slot_meta_group,boost::optional<int>>,boost::signals2::slot1<void,const pcl::visualization::PointPickingEvent &,boost::function<void (const pcl::visualization::PointPickingEvent &)>>,boost::signals2::mutex>>,std::allocator<boost::shared_ptr<boost::signals2::detail::connection_body<std::pair<boost::signals2::detail::slot_meta_group,boost::optional<int>>,boost::signals2::slot1<void,const pcl::visualization::PointPickingEvent &,boost::function<void (const pcl::visualization::PointPickingEvent &)>>,boost::signals2::mutex>>>>>>>,false>>,
                     _Base=std::_Iterator_base
                 ]
     1>c:\program files\pcl 1.6.0\3rdparty\boost\include\boost\variant\variant.hpp(1178): warning C4503: 'std::_Tree_val<_Traits>::_Buynode' : decorated name length exceeded, name was truncated
                 with
                 [
                     _Traits=std::_Tmap_traits<std::pair<boost::signals2::detail::slot_meta_group,boost::optional<int>>,std::_List_iterator<std::_List_val<boost::shared_ptr<boost::signals2::detail::connection_body<std::pair<boost::signals2::detail::slot_meta_group,boost::optional<int>>,boost::signals2::slot1<void,const pcl::visualization::MouseEvent &,boost::function<void (const pcl::visualization::MouseEvent &)>>,boost::signals2::mutex>>,std::allocator<boost::shared_ptr<boost::signals2::detail::connection_body<std::pair<boost::signals2::detail::slot_meta_group,boost::optional<int>>,boost::signals2::slot1<void,const pcl::visualization::MouseEvent &,boost::function<void (const pcl::visualization::MouseEvent &)>>,boost::signals2::mutex>>>>>,boost::signals2::detail::group_key_less<int,std::less<int>>,std::allocator<std::pair<const std::pair<boost::signals2::detail::slot_meta_group,boost::optional<int>>,std::_List_iterator<std::_List_val<boost::shared_ptr<boost::signals2::detail::connection_body<std::pair<boost::signals2::detail::slot_meta_group,boost::optional<int>>,boost::signals2::slot1<void,const pcl::visualization::MouseEvent &,boost::function<void (const pcl::visualization::MouseEvent &)>>,boost::signals2::mutex>>,std::allocator<boost::shared_ptr<boost::signals2::detail::connection_body<std::pair<boost::signals2::detail::slot_meta_group,boost::optional<int>>,boost::signals2::slot1<void,const pcl::visualization::MouseEvent &,boost::function<void (const pcl::visualization::MouseEvent &)>>,boost::signals2::mutex>>>>>>>,false>
                 ]
     1>c:\program files\pcl 1.6.0\3rdparty\boost\include\boost\variant\variant.hpp(1178): warning C4503: 'std::_Tree_val<_Traits>::_Buynode' : decorated name length exceeded, name was truncated
                 with
                 [
                     _Traits=std::_Tmap_traits<std::pair<boost::signals2::detail::slot_meta_group,boost::optional<int>>,std::_List_iterator<std::_List_val<boost::shared_ptr<boost::signals2::detail::connection_body<std::pair<boost::signals2::detail::slot_meta_group,boost::optional<int>>,boost::signals2::slot1<void,const pcl::visualization::KeyboardEvent &,boost::function<void (const pcl::visualization::KeyboardEvent &)>>,boost::signals2::mutex>>,std::allocator<boost::shared_ptr<boost::signals2::detail::connection_body<std::pair<boost::signals2::detail::slot_meta_group,boost::optional<int>>,boost::signals2::slot1<void,const pcl::visualization::KeyboardEvent &,boost::function<void (const pcl::visualization::KeyboardEvent &)>>,boost::signals2::mutex>>>>>,boost::signals2::detail::group_key_less<int,std::less<int>>,std::allocator<std::pair<const std::pair<boost::signals2::detail::slot_meta_group,boost::optional<int>>,std::_List_iterator<std::_List_val<boost::shared_ptr<boost::signals2::detail::connection_body<std::pair<boost::signals2::detail::slot_meta_group,boost::optional<int>>,boost::signals2::slot1<void,const pcl::visualization::KeyboardEvent &,boost::function<void (const pcl::visualization::KeyboardEvent &)>>,boost::signals2::mutex>>,std::allocator<boost::shared_ptr<boost::signals2::detail::connection_body<std::pair<boost::signals2::detail::slot_meta_group,boost::optional<int>>,boost::signals2::slot1<void,const pcl::visualization::KeyboardEvent &,boost::function<void (const pcl::visualization::KeyboardEvent &)>>,boost::signals2::mutex>>>>>>>,false>
                 ]
     1>c:\program files\pcl 1.6.0\3rdparty\boost\include\boost\variant\variant.hpp(1178): warning C4503: 'std::_Tree_val<_Traits>::_Buynode' : decorated name length exceeded, name was truncated
                 with
                 [
                     _Traits=std::_Tmap_traits<std::pair<boost::signals2::detail::slot_meta_group,boost::optional<int>>,std::_List_iterator<std::_List_val<boost::shared_ptr<boost::signals2::detail::connection_body<std::pair<boost::signals2::detail::slot_meta_group,boost::optional<int>>,boost::signals2::slot1<void,const pcl::visualization::PointPickingEvent &,boost::function<void (const pcl::visualization::PointPickingEvent &)>>,boost::signals2::mutex>>,std::allocator<boost::shared_ptr<boost::signals2::detail::connection_body<std::pair<boost::signals2::detail::slot_meta_group,boost::optional<int>>,boost::signals2::slot1<void,const pcl::visualization::PointPickingEvent &,boost::function<void (const pcl::visualization::PointPickingEvent &)>>,boost::signals2::mutex>>>>>,boost::signals2::detail::group_key_less<int,std::less<int>>,std::allocator<std::pair<const std::pair<boost::signals2::detail::slot_meta_group,boost::optional<int>>,std::_List_iterator<std::_List_val<boost::shared_ptr<boost::signals2::detail::connection_body<std::pair<boost::signals2::detail::slot_meta_group,boost::optional<int>>,boost::signals2::slot1<void,const pcl::visualization::PointPickingEvent &,boost::function<void (const pcl::visualization::PointPickingEvent &)>>,boost::signals2::mutex>>,std::allocator<boost::shared_ptr<boost::signals2::detail::connection_body<std::pair<boost::signals2::detail::slot_meta_group,boost::optional<int>>,boost::signals2::slot1<void,const pcl::visualization::PointPickingEvent &,boost::function<void (const pcl::visualization::PointPickingEvent &)>>,boost::signals2::mutex>>>>>>>,false>
                 ]
         Generating Code...
     1>Done Building Project "C:\Users\MOSTAFAP\Desktop\Blender Reconstruction\Reconstruction\Reconstruction.vcxproj" (build target(s)) -- FAILED.

Build FAILED.

Time Elapsed 00:00:20.31
